Build started 10/16/2015 8:59:32 PM.
     1>Project "C:\Users\Jimmy\Documents\Visual Studio 2015\Projects\MFC2015SubclassingExamples\ComboBox\ComboBox\ComboBox.vcxproj" on node 2 (Rebuild target(s)).
     1>ClCompile:
         C:\Program Files (x86)\Microsoft Visual Studio 14.0\VC\bin\CL.exe /c /ZI /nologo /W3 /WX- /sdl /Od /Oy- /D WIN32 /D _WINDOWS /D _DEBUG /D _UNICODE /D UNICODE /Gm /EHsc /RTC1 /MTd /GS /fp:precise /Zc:wchar_t /Zc:forScope /Zc:inline /Yc"stdafx.h" /Fp"Debug\ComboBox.pch" /Fo"Debug\\" /Fd"Debug\vc140.pdb" /Gd /TP /analyze- /errorReport:prompt stdafx.cpp
         stdafx.cpp
         C:\Program Files (x86)\Microsoft Visual Studio 14.0\VC\bin\CL.exe /c /ZI /nologo /W3 /WX- /sdl /Od /Oy- /D WIN32 /D _WINDOWS /D _DEBUG /D _UNICODE /D UNICODE /Gm /EHsc /RTC1 /MTd /GS /fp:precise /Zc:wchar_t /Zc:forScope /Zc:inline /Yu"stdafx.h" /Fp"Debug\ComboBox.pch" /Fo"Debug\\" /Fd"Debug\vc140.pdb" /Gd /TP /analyze- /errorReport:prompt ComboBitmap.cpp ComboBox.cpp ComboBoxDlg.cpp
         ComboBoxDlg.cpp
         ComboBox.cpp
         ComboBitmap.cpp
         Generating Code...
       ResourceCompile:
         C:\Program Files (x86)\Windows Kits\8.1\bin\x86\rc.exe /D _DEBUG /D _UNICODE /D UNICODE /l"0x0409" /IDebug\ /nologo /fo"Debug\ComboBox.res" ComboBox.rc 
       Link:
         C:\Program Files (x86)\Microsoft Visual Studio 14.0\VC\bin\link.exe /ERRORREPORT:PROMPT /OUT:"C:\Users\Jimmy\Documents\Visual Studio 2015\Projects\MFC2015SubclassingExamples\ComboBox\Debug\ComboBox.exe" /INCREMENTAL /NOLOGO /MANIFEST /MANIFESTUAC:"level='asInvoker' uiAccess='false'" /manifest:embed /manifestinput:"C:\Program Files (x86)\Microsoft Visual Studio 14.0\VC\Include\Manifest\dpiaware.manifest" /Debug /PDB:"C:\Users\Jimmy\Documents\Visual Studio 2015\Projects\MFC2015SubclassingExamples\ComboBox\Debug\ComboBox.pdb" /SUBSYSTEM:WINDOWS /TLBID:1 /ENTRY:"wWinMainCRTStartup" /DYNAMICBASE /NXCOMPAT /IMPLIB:"C:\Users\Jimmy\Documents\Visual Studio 2015\Projects\MFC2015SubclassingExamples\ComboBox\Debug\ComboBox.lib" /MACHINE:X86 Debug\ComboBox.res
         Debug\ComboBitmap.obj
         Debug\ComboBox.obj
         Debug\ComboBoxDlg.obj
         Debug\stdafx.obj
         ComboBox.vcxproj -> C:\Users\Jimmy\Documents\Visual Studio 2015\Projects\MFC2015SubclassingExamples\ComboBox\Debug\ComboBox.exe
     1>Done Building Project "C:\Users\Jimmy\Documents\Visual Studio 2015\Projects\MFC2015SubclassingExamples\ComboBox\ComboBox\ComboBox.vcxproj" (Rebuild target(s)).

Build succeeded.

Time Elapsed 00:00:13.05
