c:\users\jimmy\documents\visual studio 2015\projects\mfc2015subclassingexamples\combobox\combobox\debug\combobox.pch
c:\users\jimmy\documents\visual studio 2015\projects\mfc2015subclassingexamples\combobox\combobox\debug\vc140.pdb
c:\users\jimmy\documents\visual studio 2015\projects\mfc2015subclassingexamples\combobox\combobox\debug\vc140.idb
c:\users\jimmy\documents\visual studio 2015\projects\mfc2015subclassingexamples\combobox\combobox\debug\stdafx.obj
c:\users\jimmy\documents\visual studio 2015\projects\mfc2015subclassingexamples\combobox\combobox\debug\combobitmap.obj
c:\users\jimmy\documents\visual studio 2015\projects\mfc2015subclassingexamples\combobox\combobox\debug\combobox.obj
c:\users\jimmy\documents\visual studio 2015\projects\mfc2015subclassingexamples\combobox\combobox\debug\comboboxdlg.obj
c:\users\jimmy\documents\visual studio 2015\projects\mfc2015subclassingexamples\combobox\debug\combobox.ilk
c:\users\jimmy\documents\visual studio 2015\projects\mfc2015subclassingexamples\combobox\debug\combobox.exe
c:\users\jimmy\documents\visual studio 2015\projects\mfc2015subclassingexamples\combobox\debug\combobox.pdb
c:\users\jimmy\documents\visual studio 2015\projects\mfc2015subclassingexamples\combobox\combobox\debug\combobox.res
c:\users\jimmy\documents\visual studio 2015\projects\mfc2015subclassingexamples\combobox\combobox\debug\combobox.tlog\cl.command.1.tlog
c:\users\jimmy\documents\visual studio 2015\projects\mfc2015subclassingexamples\combobox\combobox\debug\combobox.tlog\cl.read.1.tlog
c:\users\jimmy\documents\visual studio 2015\projects\mfc2015subclassingexamples\combobox\combobox\debug\combobox.tlog\cl.write.1.tlog
c:\users\jimmy\documents\visual studio 2015\projects\mfc2015subclassingexamples\combobox\combobox\debug\combobox.tlog\link.command.1.tlog
c:\users\jimmy\documents\visual studio 2015\projects\mfc2015subclassingexamples\combobox\combobox\debug\combobox.tlog\link.read.1.tlog
c:\users\jimmy\documents\visual studio 2015\projects\mfc2015subclassingexamples\combobox\combobox\debug\combobox.tlog\link.write.1.tlog
c:\users\jimmy\documents\visual studio 2015\projects\mfc2015subclassingexamples\combobox\combobox\debug\combobox.tlog\rc.command.1.tlog
c:\users\jimmy\documents\visual studio 2015\projects\mfc2015subclassingexamples\combobox\combobox\debug\combobox.tlog\rc.read.1.tlog
c:\users\jimmy\documents\visual studio 2015\projects\mfc2015subclassingexamples\combobox\combobox\debug\combobox.tlog\rc.write.1.tlog
