c:\users\jimmy\documents\visual studio 2015\projects\mfc2015subclassingexamples\comboboxwithlbandcbandmessages\debug\vc140.pdb
c:\users\jimmy\documents\visual studio 2015\projects\mfc2015subclassingexamples\comboboxwithlbandcbandmessages\debug\vc140.idb
c:\users\jimmy\documents\visual studio 2015\projects\mfc2015subclassingexamples\comboboxwithlbandcbandmessages\debug\combobitmap.obj
c:\users\jimmy\documents\visual studio 2015\projects\mfc2015subclassingexamples\comboboxwithlbandcbandmessages\debug\comboboxitem.obj
c:\users\jimmy\documents\visual studio 2015\projects\mfc2015subclassingexamples\comboboxwithlbandcbandmessages\debug\comboboxwithlbandcheckbox.obj
c:\users\jimmy\documents\visual studio 2015\projects\mfc2015subclassingexamples\comboboxwithlbandcbandmessages\debug\comboboxwithlbandcheckboxdlg.obj
c:\users\jimmy\documents\visual studio 2015\projects\mfc2015subclassingexamples\comboboxwithlbandcbandmessages\debug\mylistbox.obj
c:\users\jimmy\documents\visual studio 2015\projects\mfc2015subclassingexamples\comboboxwithlbandcbandmessages\debug\stdafx.obj
c:\users\jimmy\documents\visual studio 2015\projects\mfc2015subclassingexamples\comboboxwithlbandcbandmessages\debug\comboboxwithlbandcbandmessages.ilk
c:\users\jimmy\documents\visual studio 2015\projects\mfc2015subclassingexamples\comboboxwithlbandcbandmessages\debug\comboboxwithlbandcbandmessages.exe
c:\users\jimmy\documents\visual studio 2015\projects\mfc2015subclassingexamples\comboboxwithlbandcbandmessages\debug\comboboxwithlbandcbandmessages.pdb
c:\users\jimmy\documents\visual studio 2015\projects\mfc2015subclassingexamples\comboboxwithlbandcbandmessages\debug\comboboxwithlbandcheckbox.res
c:\users\jimmy\documents\visual studio 2015\projects\mfc2015subclassingexamples\comboboxwithlbandcbandmessages\debug\combobox.5260b3fd.tlog\cl.command.1.tlog
c:\users\jimmy\documents\visual studio 2015\projects\mfc2015subclassingexamples\comboboxwithlbandcbandmessages\debug\combobox.5260b3fd.tlog\cl.read.1.tlog
c:\users\jimmy\documents\visual studio 2015\projects\mfc2015subclassingexamples\comboboxwithlbandcbandmessages\debug\combobox.5260b3fd.tlog\cl.write.1.tlog
c:\users\jimmy\documents\visual studio 2015\projects\mfc2015subclassingexamples\comboboxwithlbandcbandmessages\debug\combobox.5260b3fd.tlog\link.command.1.tlog
c:\users\jimmy\documents\visual studio 2015\projects\mfc2015subclassingexamples\comboboxwithlbandcbandmessages\debug\combobox.5260b3fd.tlog\link.read.1.tlog
c:\users\jimmy\documents\visual studio 2015\projects\mfc2015subclassingexamples\comboboxwithlbandcbandmessages\debug\combobox.5260b3fd.tlog\link.write.1.tlog
c:\users\jimmy\documents\visual studio 2015\projects\mfc2015subclassingexamples\comboboxwithlbandcbandmessages\debug\combobox.5260b3fd.tlog\rc.command.1.tlog
c:\users\jimmy\documents\visual studio 2015\projects\mfc2015subclassingexamples\comboboxwithlbandcbandmessages\debug\combobox.5260b3fd.tlog\rc.read.1.tlog
c:\users\jimmy\documents\visual studio 2015\projects\mfc2015subclassingexamples\comboboxwithlbandcbandmessages\debug\combobox.5260b3fd.tlog\rc.write.1.tlog
